#
# There is insufficient memory for the Java Runtime Environment to continue.
# Native memory allocation (malloc) failed to allocate 1431830528 bytes for committing reserved memory.
# Possible reasons:
#   The system is out of physical RAM or swap space
#   In 32 bit mode, the process size limit was hit
# Possible solutions:
#   Reduce memory load on the system
#   Increase physical memory or swap space
#   Check if swap backing store is full
#   Use 64 bit Java on a 64 bit OS
#   Decrease Java heap size (-Xmx/-Xms)
#   Decrease number of Java threads
#   Decrease Java thread stack sizes (-Xss)
#   Set larger code cache with -XX:ReservedCodeCacheSize=
# This output file may be truncated or incomplete.
#
#  Out of Memory Error (os_linux.cpp:2743), pid=22183, tid=140586726397696
#
# JRE version:  (7.0_40-b31) (build )
# Java VM: OpenJDK 64-Bit Server VM (24.0-b50 mixed mode linux-amd64 compressed oops)
# Failed to write core dump. Core dumps have been disabled. To enable core dumping, try "ulimit -c unlimited" before starting Java again
#

---------------  T H R E A D  ---------------

Current thread (0x00007fdcdc008800):  JavaThread "Unknown thread" [_thread_in_vm, id=22184, stack(0x00007fdce5d31000,0x00007fdce5e32000)]

Stack: [0x00007fdce5d31000,0x00007fdce5e32000],  sp=0x00007fdce5e30520,  free space=1021k
Native frames: (J=compiled Java code, j=interpreted, Vv=VM code, C=native code)
V  [libjvm.so+0x928bc5]  JVM_handle_linux_signal+0x177365
V  [libjvm.so+0x479804]  dlerror+0x479804
V  [libjvm.so+0x7abc73]  JVM_FindSignal+0x18c693
V  [libjvm.so+0x7a662f]  JVM_FindSignal+0x18704f
V  [libjvm.so+0x81688b]  JVM_handle_linux_signal+0x6502b
V  [libjvm.so+0x806d7e]  JVM_handle_linux_signal+0x5551e
V  [libjvm.so+0x297fcf]  dlerror+0x297fcf
V  [libjvm.so+0x7c9cfa]  JVM_handle_linux_signal+0x1849a
V  [libjvm.so+0x8fadd7]  JVM_handle_linux_signal+0x149577
V  [libjvm.so+0x8fb107]  JVM_handle_linux_signal+0x1498a7
V  [libjvm.so+0x587675]  AsyncGetCallTrace+0x90465
V  [libjvm.so+0x8ddf9f]  JVM_handle_linux_signal+0x12c73f
V  [libjvm.so+0x5f0e44]  JNI_CreateJavaVM+0x54
C  [libjli.so+0x29b8]  getenv+0x29b8


---------------  P R O C E S S  ---------------

Java Threads: ( => current thread )

Other Threads:

=>0x00007fdcdc008800 (exited) JavaThread "Unknown thread" [_thread_in_vm, id=22184, stack(0x00007fdce5d31000,0x00007fdce5e32000)]

VM state:not at safepoint (not fully initialized)

VM Mutex/Monitor currently owned by a thread: None

GC Heap History (0 events):
No events

Deoptimization events (0 events):
No events

Internal exceptions (0 events):
No events

Events (0 events):
No events


Dynamic libraries:
00400000-00401000 r-xp 00000000 08:02 9594860                            /usr/lib/jvm/java-7-openjdk/jre/bin/java
00600000-00601000 rw-p 00000000 08:02 9594860                            /usr/lib/jvm/java-7-openjdk/jre/bin/java
02190000-021b1000 rw-p 00000000 00:00 0                                  [heap]
775980000-77ff80000 rw-p 00000000 00:00 0 
7d5500000-800000000 rw-p 00000000 00:00 0 
7fdcdbbac000-7fdcdbea9000 rw-p 00000000 00:00 0 
7fdcdbea9000-7fdcdc000000 rw-p 00000000 00:00 0 
7fdcdc000000-7fdcdc021000 rw-p 00000000 00:00 0 
7fdcdc021000-7fdce0000000 ---p 00000000 00:00 0 
7fdce0014000-7fdce0284000 rwxp 00000000 00:00 0 
7fdce0284000-7fdce3014000 rw-p 00000000 00:00 0 
7fdce3014000-7fdce301c000 r-xp 00000000 08:02 9594815                    /usr/lib/jvm/java-7-openjdk/jre/lib/amd64/libzip.so
7fdce301c000-7fdce321b000 ---p 00008000 08:02 9594815                    /usr/lib/jvm/java-7-openjdk/jre/lib/amd64/libzip.so
7fdce321b000-7fdce321c000 rw-p 00007000 08:02 9594815                    /usr/lib/jvm/java-7-openjdk/jre/lib/amd64/libzip.so
7fdce321c000-7fdce3227000 r-xp 00000000 08:02 6497309                    /usr/lib/libnss_files-2.18.so
7fdce3227000-7fdce3427000 ---p 0000b000 08:02 6497309                    /usr/lib/libnss_files-2.18.so
7fdce3427000-7fdce3428000 r--p 0000b000 08:02 6497309                    /usr/lib/libnss_files-2.18.so
7fdce3428000-7fdce3429000 rw-p 0000c000 08:02 6497309                    /usr/lib/libnss_files-2.18.so
7fdce3429000-7fdce3454000 r-xp 00000000 08:02 9594829                    /usr/lib/jvm/java-7-openjdk/jre/lib/amd64/libjava.so
7fdce3454000-7fdce3653000 ---p 0002b000 08:02 9594829                    /usr/lib/jvm/java-7-openjdk/jre/lib/amd64/libjava.so
7fdce3653000-7fdce3655000 rw-p 0002a000 08:02 9594829                    /usr/lib/jvm/java-7-openjdk/jre/lib/amd64/libjava.so
7fdce3655000-7fdce3662000 r-xp 00000000 08:02 9594807                    /usr/lib/jvm/java-7-openjdk/jre/lib/amd64/libverify.so
7fdce3662000-7fdce3861000 ---p 0000d000 08:02 9594807                    /usr/lib/jvm/java-7-openjdk/jre/lib/amd64/libverify.so
7fdce3861000-7fdce3863000 rw-p 0000c000 08:02 9594807                    /usr/lib/jvm/java-7-openjdk/jre/lib/amd64/libverify.so
7fdce3863000-7fdce386a000 r-xp 00000000 08:02 6497402                    /usr/lib/librt-2.18.so
7fdce386a000-7fdce3a69000 ---p 00007000 08:02 6497402                    /usr/lib/librt-2.18.so
7fdce3a69000-7fdce3a6a000 r--p 00006000 08:02 6497402                    /usr/lib/librt-2.18.so
7fdce3a6a000-7fdce3a6b000 rw-p 00007000 08:02 6497402                    /usr/lib/librt-2.18.so
7fdce3a6b000-7fdce3a80000 r-xp 00000000 08:02 9534409                    /usr/lib/libgcc_s.so.1
7fdce3a80000-7fdce3c80000 ---p 00015000 08:02 9534409                    /usr/lib/libgcc_s.so.1
7fdce3c80000-7fdce3c81000 rw-p 00015000 08:02 9534409                    /usr/lib/libgcc_s.so.1
7fdce3c81000-7fdce3d83000 r-xp 00000000 08:02 6497362                    /usr/lib/libm-2.18.so
7fdce3d83000-7fdce3f82000 ---p 00102000 08:02 6497362                    /usr/lib/libm-2.18.so
7fdce3f82000-7fdce3f83000 r--p 00101000 08:02 6497362                    /usr/lib/libm-2.18.so
7fdce3f83000-7fdce3f84000 rw-p 00102000 08:02 6497362                    /usr/lib/libm-2.18.so
7fdce3f84000-7fdce406a000 r-xp 00000000 08:02 6498671                    /usr/lib/libstdc++.so.6.0.18
7fdce406a000-7fdce4269000 ---p 000e6000 08:02 6498671                    /usr/lib/libstdc++.so.6.0.18
7fdce4269000-7fdce4271000 r--p 000e5000 08:02 6498671                    /usr/lib/libstdc++.so.6.0.18
7fdce4271000-7fdce4273000 rw-p 000ed000 08:02 6498671                    /usr/lib/libstdc++.so.6.0.18
7fdce4273000-7fdce4288000 rw-p 00000000 00:00 0 
7fdce4288000-7fdce4d79000 r-xp 00000000 08:02 9594837                    /usr/lib/jvm/java-7-openjdk/jre/lib/amd64/server/libjvm.so
7fdce4d79000-7fdce4f79000 ---p 00af1000 08:02 9594837                    /usr/lib/jvm/java-7-openjdk/jre/lib/amd64/server/libjvm.so
7fdce4f79000-7fdce5034000 rw-p 00af1000 08:02 9594837                    /usr/lib/jvm/java-7-openjdk/jre/lib/amd64/server/libjvm.so
7fdce5034000-7fdce5061000 rw-p 00000000 00:00 0 
7fdce5061000-7fdce5076000 r-xp 00000000 08:02 6498701                    /usr/lib/libz.so.1.2.8
7fdce5076000-7fdce5275000 ---p 00015000 08:02 6498701                    /usr/lib/libz.so.1.2.8
7fdce5275000-7fdce5276000 r--p 00014000 08:02 6498701                    /usr/lib/libz.so.1.2.8
7fdce5276000-7fdce5277000 rw-p 00015000 08:02 6498701                    /usr/lib/libz.so.1.2.8
7fdce5277000-7fdce5418000 r-xp 00000000 08:02 6497363                    /usr/lib/libc-2.18.so
7fdce5418000-7fdce5617000 ---p 001a1000 08:02 6497363                    /usr/lib/libc-2.18.so
7fdce5617000-7fdce561b000 r--p 001a0000 08:02 6497363                    /usr/lib/libc-2.18.so
7fdce561b000-7fdce561d000 rw-p 001a4000 08:02 6497363                    /usr/lib/libc-2.18.so
7fdce561d000-7fdce5621000 rw-p 00000000 00:00 0 
7fdce5621000-7fdce5624000 r-xp 00000000 08:02 6497403                    /usr/lib/libdl-2.18.so
7fdce5624000-7fdce5823000 ---p 00003000 08:02 6497403                    /usr/lib/libdl-2.18.so
7fdce5823000-7fdce5824000 r--p 00002000 08:02 6497403                    /usr/lib/libdl-2.18.so
7fdce5824000-7fdce5825000 rw-p 00003000 08:02 6497403                    /usr/lib/libdl-2.18.so
7fdce5825000-7fdce5832000 r-xp 00000000 08:02 9594833                    /usr/lib/jvm/java-7-openjdk/jre/lib/amd64/jli/libjli.so
7fdce5832000-7fdce5a31000 ---p 0000d000 08:02 9594833                    /usr/lib/jvm/java-7-openjdk/jre/lib/amd64/jli/libjli.so
7fdce5a31000-7fdce5a32000 rw-p 0000c000 08:02 9594833                    /usr/lib/jvm/java-7-openjdk/jre/lib/amd64/jli/libjli.so
7fdce5a32000-7fdce5a4a000 r-xp 00000000 08:02 6497315                    /usr/lib/libpthread-2.18.so
7fdce5a4a000-7fdce5c4a000 ---p 00018000 08:02 6497315                    /usr/lib/libpthread-2.18.so
7fdce5c4a000-7fdce5c4b000 r--p 00018000 08:02 6497315                    /usr/lib/libpthread-2.18.so
7fdce5c4b000-7fdce5c4c000 rw-p 00019000 08:02 6497315                    /usr/lib/libpthread-2.18.so
7fdce5c4c000-7fdce5c50000 rw-p 00000000 00:00 0 
7fdce5c50000-7fdce5c70000 r-xp 00000000 08:02 6497343                    /usr/lib/ld-2.18.so
7fdce5c71000-7fdce5c7b000 rw-p 00000000 00:00 0 
7fdce5c7b000-7fdce5d31000 rw-p 00000000 00:00 0 
7fdce5d31000-7fdce5d34000 ---p 00000000 00:00 0 
7fdce5d34000-7fdce5e36000 rw-p 00000000 00:00 0                          [stack:22184]
7fdce5e62000-7fdce5e64000 rw-p 00000000 00:00 0 
7fdce5e64000-7fdce5e6c000 rw-s 00000000 00:1c 344370                     /tmp/hsperfdata_alex/22183
7fdce5e6c000-7fdce5e6d000 rw-p 00000000 00:00 0 
7fdce5e6d000-7fdce5e6e000 r--p 00000000 00:00 0 
7fdce5e6e000-7fdce5e6f000 rw-p 00000000 00:00 0 
7fdce5e6f000-7fdce5e70000 r--p 0001f000 08:02 6497343                    /usr/lib/ld-2.18.so
7fdce5e70000-7fdce5e71000 rw-p 00020000 08:02 6497343                    /usr/lib/ld-2.18.so
7fdce5e71000-7fdce5e72000 rw-p 00000000 00:00 0 
7fff7aaf5000-7fff7ab16000 rw-p 00000000 00:00 0                          [stack]
7fff7abfe000-7fff7ac00000 r-xp 00000000 00:00 0                          [vdso]
ffffffffff600000-ffffffffff601000 r-xp 00000000 00:00 0                  [vsyscall]

VM Arguments:
jvm_args: -Xmx2048M -Xms2048M 
java_command: craftbukkit-1.6.2-R1.0.jar nogui
Launcher Type: SUN_STANDARD

Environment Variables:
JAVA_HOME=/usr/lib/jvm/java-7-openjdk
PATH=/usr/local/sbin:/usr/local/bin:/usr/bin:/opt/android-ndk:/opt/android-sdk/platform-tools:/opt/android-sdk/tools:/opt/cuda/bin:/usr/bin/vendor_perl:/usr/bin/core_perl
SHELL=/bin/bash
DISPLAY=:0.0

Signal Handlers:
SIGSEGV: [libjvm.so+0x9296b0], sa_mask[0]=0x7ffbfeff, sa_flags=0x10000004
SIGBUS: [libjvm.so+0x9296b0], sa_mask[0]=0x7ffbfeff, sa_flags=0x10000004
SIGFPE: [libjvm.so+0x7a7370], sa_mask[0]=0x7ffbfeff, sa_flags=0x10000004
SIGPIPE: [libjvm.so+0x7a7370], sa_mask[0]=0x7ffbfeff, sa_flags=0x10000004
SIGXFSZ: [libjvm.so+0x7a7370], sa_mask[0]=0x7ffbfeff, sa_flags=0x10000004
SIGILL: [libjvm.so+0x7a7370], sa_mask[0]=0x7ffbfeff, sa_flags=0x10000004
SIGUSR1: SIG_DFL, sa_mask[0]=0x00000000, sa_flags=0x00000000
SIGUSR2: [libjvm.so+0x7a7210], sa_mask[0]=0x00000000, sa_flags=0x10000004
SIGHUP: SIG_DFL, sa_mask[0]=0x00000000, sa_flags=0x00000000
SIGINT: SIG_DFL, sa_mask[0]=0x00000000, sa_flags=0x00000000
SIGTERM: SIG_DFL, sa_mask[0]=0x00000000, sa_flags=0x00000000
SIGQUIT: SIG_DFL, sa_mask[0]=0x00000000, sa_flags=0x00000000


---------------  S Y S T E M  ---------------

OS:Linux
uname:Linux 3.10.10-1-ARCH #1 SMP PREEMPT Fri Aug 30 11:30:06 CEST 2013 x86_64
libc:glibc 2.18 NPTL 2.18 
rlimit: STACK 8192k, CORE 0k, NPROC 46766, NOFILE 4096, AS infinity
load average:3.49 3.94 2.52

/proc/meminfo:
MemTotal:        6000372 kB
MemFree:          963788 kB
Buffers:           25348 kB
Cached:          1504876 kB
SwapCached:            0 kB
Active:          3593956 kB
Inactive:        1140020 kB
Active(anon):    3580368 kB
Inactive(anon):   929560 kB
Active(file):      13588 kB
Inactive(file):   210460 kB
Unevictable:          64 kB
Mlocked:              64 kB
SwapTotal:             0 kB
SwapFree:              0 kB
Dirty:               196 kB
Writeback:             0 kB
AnonPages:       3204144 kB
Mapped:           962288 kB
Shmem:           1305952 kB
Slab:             146472 kB
SReclaimable:      54692 kB
SUnreclaim:        91780 kB
KernelStack:        4304 kB
PageTables:        65244 kB
NFS_Unstable:          0 kB
Bounce:                0 kB
WritebackTmp:          0 kB
CommitLimit:     3000184 kB
Committed_AS:    9043360 kB
VmallocTotal:   34359738367 kB
VmallocUsed:      370448 kB
VmallocChunk:   34359345040 kB
HardwareCorrupted:     0 kB
AnonHugePages:   1095680 kB
HugePages_Total:       0
HugePages_Free:        0
HugePages_Rsvd:        0
HugePages_Surp:        0
Hugepagesize:       2048 kB
DirectMap4k:       18388 kB
DirectMap2M:     6156288 kB


CPU:total 4 (2 cores per cpu, 2 threads per core) family 6 model 58 stepping 9, cmov, cx8, fxsr, mmx, sse, sse2, sse3, ssse3, sse4.1, sse4.2, popcnt, avx, aes, erms, ht, tsc, tscinvbit, tscinv

/proc/cpuinfo:
processor	: 0
vendor_id	: GenuineIntel
cpu family	: 6
model		: 58
model name	: Intel(R) Core(TM) i7-3517U CPU @ 1.90GHz
stepping	: 9
microcode	: 0x15
cpu MHz		: 2352.000
cache size	: 4096 KB
physical id	: 0
siblings	: 4
core id		: 0
cpu cores	: 2
apicid		: 0
initial apicid	: 0
fpu		: yes
fpu_exception	: yes
cpuid level	: 13
wp		: yes
flags		: fpu vme de pse tsc msr pae mce cx8 apic sep mtrr pge mca cmov pat pse36 clflush dts acpi mmx fxsr sse sse2 ss ht tm pbe syscall nx rdtscp lm constant_tsc arch_perfmon pebs bts rep_good nopl xtopology nonstop_tsc aperfmperf eagerfpu pni pclmulqdq dtes64 monitor ds_cpl vmx est tm2 ssse3 cx16 xtpr pdcm pcid sse4_1 sse4_2 x2apic popcnt tsc_deadline_timer aes xsave avx f16c rdrand lahf_lm ida arat epb xsaveopt pln pts dtherm tpr_shadow vnmi flexpriority ept vpid fsgsbase smep erms
bogomips	: 4790.38
clflush size	: 64
cache_alignment	: 64
address sizes	: 36 bits physical, 48 bits virtual
power management:

processor	: 1
vendor_id	: GenuineIntel
cpu family	: 6
model		: 58
model name	: Intel(R) Core(TM) i7-3517U CPU @ 1.90GHz
stepping	: 9
microcode	: 0x15
cpu MHz		: 2736.000
cache size	: 4096 KB
physical id	: 0
siblings	: 4
core id		: 1
cpu cores	: 2
apicid		: 2
initial apicid	: 2
fpu		: yes
fpu_exception	: yes
cpuid level	: 13
wp		: yes
flags		: fpu vme de pse tsc msr pae mce cx8 apic sep mtrr pge mca cmov pat pse36 clflush dts acpi mmx fxsr sse sse2 ss ht tm pbe syscall nx rdtscp lm constant_tsc arch_perfmon pebs bts rep_good nopl xtopology nonstop_tsc aperfmperf eagerfpu pni pclmulqdq dtes64 monitor ds_cpl vmx est tm2 ssse3 cx16 xtpr pdcm pcid sse4_1 sse4_2 x2apic popcnt tsc_deadline_timer aes xsave avx f16c rdrand lahf_lm ida arat epb xsaveopt pln pts dtherm tpr_shadow vnmi flexpriority ept vpid fsgsbase smep erms
bogomips	: 4790.38
clflush size	: 64
cache_alignment	: 64
address sizes	: 36 bits physical, 48 bits virtual
power management:

processor	: 2
vendor_id	: GenuineIntel
cpu family	: 6
model		: 58
model name	: Intel(R) Core(TM) i7-3517U CPU @ 1.90GHz
stepping	: 9
microcode	: 0x15
cpu MHz		: 2544.000
cache size	: 4096 KB
physical id	: 0
siblings	: 4
core id		: 0
cpu cores	: 2
apicid		: 1
initial apicid	: 1
fpu		: yes
fpu_exception	: yes
cpuid level	: 13
wp		: yes
flags		: fpu vme de pse tsc msr pae mce cx8 apic sep mtrr pge mca cmov pat pse36 clflush dts acpi mmx fxsr sse sse2 ss ht tm pbe syscall nx rdtscp lm constant_tsc arch_perfmon pebs bts rep_good nopl xtopology nonstop_tsc aperfmperf eagerfpu pni pclmulqdq dtes64 monitor ds_cpl vmx est tm2 ssse3 cx16 xtpr pdcm pcid sse4_1 sse4_2 x2apic popcnt tsc_deadline_timer aes xsave avx f16c rdrand lahf_lm ida arat epb xsaveopt pln pts dtherm tpr_shadow vnmi flexpriority ept vpid fsgsbase smep erms
bogomips	: 4790.38
clflush size	: 64
cache_alignment	: 64
address sizes	: 36 bits physical, 48 bits virtual
power management:

processor	: 3
vendor_id	: GenuineIntel
cpu family	: 6
model		: 58
model name	: Intel(R) Core(TM) i7-3517U CPU @ 1.90GHz
stepping	: 9
microcode	: 0x15
cpu MHz		: 2616.000
cache size	: 4096 KB
physical id	: 0
siblings	: 4
core id		: 1
cpu cores	: 2
apicid		: 3
initial apicid	: 3
fpu		: yes
fpu_exception	: yes
cpuid level	: 13
wp		: yes
flags		: fpu vme de pse tsc msr pae mce cx8 apic sep mtrr pge mca cmov pat pse36 clflush dts acpi mmx fxsr sse sse2 ss ht tm pbe syscall nx rdtscp lm constant_tsc arch_perfmon pebs bts rep_good nopl xtopology nonstop_tsc aperfmperf eagerfpu pni pclmulqdq dtes64 monitor ds_cpl vmx est tm2 ssse3 cx16 xtpr pdcm pcid sse4_1 sse4_2 x2apic popcnt tsc_deadline_timer aes xsave avx f16c rdrand lahf_lm ida arat epb xsaveopt pln pts dtherm tpr_shadow vnmi flexpriority ept vpid fsgsbase smep erms
bogomips	: 4790.38
clflush size	: 64
cache_alignment	: 64
address sizes	: 36 bits physical, 48 bits virtual
power management:



Memory: 4k page, physical 6000372k(963788k free), swap 0k(0k free)

vm_info: OpenJDK 64-Bit Server VM (24.0-b50) for linux-amd64 JRE (1.7.0_40-b31), built on Aug 18 2013 18:04:55 by "nobody" with gcc 4.8.1 20130725 (prerelease)

time: Fri Sep 13 17:27:44 2013
elapsed time: 0 seconds

