[14:07:31] [Server thread/INFO]: Starting minecraft server version 1.7.4
[14:07:31] [Server thread/INFO]: Loading properties
[14:07:31] [Server thread/INFO]: Default game type: SURVIVAL
[14:07:31] [Server thread/INFO]: Generating keypair
[14:07:31] [Server thread/INFO]: Starting Minecraft server on *:25565
[14:07:31] [Server thread/WARN]: **** SERVER IS RUNNING IN OFFLINE/INSECURE MODE!
[14:07:31] [Server thread/WARN]: The server will make no attempt to authenticate usernames. Beware.
[14:07:31] [Server thread/WARN]: While this makes the game possible to play without internet access, it also opens up the ability for hackers to connect with any username they choose.
[14:07:31] [Server thread/WARN]: To change this, set "online-mode" to "true" in the server.properties file.
[14:07:31] [Server thread/INFO]: Preparing level "world"
[14:07:31] [Server thread/INFO]: Preparing start region for level 0
[14:07:32] [Server thread/INFO]: Preparing spawn area: 66%
[14:07:32] [Server thread/INFO]: Done (1.451s)! For help, type "help" or "?"
[14:30:46] [Server thread/INFO]: jemmrich[/209.213.246.191:36720] logged in with entity id 181 at (-681.0013040861262, 69.0, 189.57416474502247)
[14:30:46] [Server thread/INFO]: jemmrich joined the game
[14:31:14] [Server thread/INFO]: OzBarry[/23.251.161.217:58961] logged in with entity id 627 at (-1151.613608792382, 63.0, -739.824271256552)
[14:31:14] [Server thread/INFO]: OzBarry joined the game
[14:31:19] [Server thread/WARN]: Can't keep up! Did the system time change, or is the server overloaded? Running 4106ms behind, skipping 82 tick(s)
[14:31:19] [Server thread/INFO]: jemmrich has just earned the achievement [Taking Inventory]
[14:31:28] [Server thread/INFO]: <jemmrich> looks like it works
[14:31:28] [Server thread/INFO]: <OzBarry> oh hello
[14:31:35] [Server thread/INFO]: <OzBarry> now where the hell am i?
[14:31:36] [Server thread/INFO]: <OzBarry> lol
[14:31:42] [Server thread/INFO]: <jemmrich> lol
[14:32:05] [Server thread/WARN]: Can't keep up! Did the system time change, or is the server overloaded? Running 24481ms behind, skipping 489 tick(s)
[14:32:08] [Server thread/WARN]: Can't keep up! Did the system time change, or is the server overloaded? Running 2934ms behind, skipping 58 tick(s)
[14:32:28] [Server thread/WARN]: Can't keep up! Did the system time change, or is the server overloaded? Running 4909ms behind, skipping 98 tick(s)
[14:33:52] [Server thread/INFO]: OzBarry has just earned the achievement [Taking Inventory]
[14:33:58] [Server thread/INFO]: <jemmrich> cool, lets both log out and ill try to run the server properly with bukkit
[14:34:10] [Server thread/INFO]: <OzBarry> ok
[14:34:13] [Server thread/INFO]: OzBarry lost connection: TextComponent{text='Disconnected', siblings=[], style=Style{hasParent=false, color=null, bold=null, italic=null, underlined=null, obfuscated=null, clickEvent=null, hoverEvent=null}}
[14:34:13] [Server thread/INFO]: OzBarry left the game
[14:34:17] [Server thread/INFO]: jemmrich lost connection: TextComponent{text='Disconnected', siblings=[], style=Style{hasParent=false, color=null, bold=null, italic=null, underlined=null, obfuscated=null, clickEvent=null, hoverEvent=null}}
[14:34:17] [Server thread/INFO]: jemmrich left the game
[14:34:44] [Server Shutdown Thread/INFO]: Stopping server
